#
# There is insufficient memory for the Java Runtime Environment to continue.
# Native memory allocation (mmap) failed to map 536870912 bytes. Error detail: G1 virtual space
# Possible reasons:
#   The system is out of physical RAM or swap space
#   This process is running with CompressedOops enabled, and the Java Heap may be blocking the growth of the native heap
# Possible solutions:
#   Reduce memory load on the system
#   Increase physical memory or swap space
#   Check if swap backing store is full
#   Decrease Java heap size (-Xmx/-Xms)
#   Decrease number of Java threads
#   Decrease Java thread stack sizes (-Xss)
#   Set larger code cache with -XX:ReservedCodeCacheSize=
#   JVM is running with Zero Based Compressed Oops mode in which the Java heap is
#     placed in the first 32GB address space. The Java Heap base address is the
#     maximum limit for the native heap growth. Please use -XX:HeapBaseMinAddress
#     to set the Java Heap base and to place the Java Heap above 32GB virtual address.
# This output file may be truncated or incomplete.
#
#  Out of Memory Error (os_windows.cpp:3613), pid=40456, tid=42552
#
# JRE version:  (17.0.12+7) (build )
# Java VM: OpenJDK 64-Bit Server VM (17.0.12+7-LTS, mixed mode, sharing, tiered, compressed oops, compressed class ptrs, g1 gc, windows-amd64)
# Core dump will be written. Default location: C:\Users\ss158\Documents\New folder\surplusfood\hs_err_pid40456.mdmp
#

---------------  S U M M A R Y ------------

Command Line: -Dsun.locale.formatasdefault=true -Dfile.encoding=windows-1252 -Duser.country=US -Duser.language=en -Duser.variant com.team2.surplusfood.SurplusfoodApplication

Host: Intel(R) Xeon(R) Platinum 8272CL CPU @ 2.60GHz, 8 cores, 31G,  Windows Server 2019 , 64 bit Build 19041 (10.0.19041.4597)
Time: Fri Aug  2 15:38:15 2024 Sri Lanka Standard Time elapsed time: 0.071735 seconds (0d 0h 0m 0s)

---------------  T H R E A D  ---------------

Current thread (0x000001c5fbbe2bf0):  JavaThread "Unknown thread" [_thread_in_vm, id=42552, stack(0x0000006ceb300000,0x0000006ceb400000)]

Stack: [0x0000006ceb300000,0x0000006ceb400000]
Native frames: (J=compiled Java code, j=interpreted, Vv=VM code, C=native code)
V  [jvm.dll+0x67f4f9]
V  [jvm.dll+0x836eaa]
V  [jvm.dll+0x83896e]
V  [jvm.dll+0x838fd3]
V  [jvm.dll+0x247f6f]
V  [jvm.dll+0x67c2b9]
V  [jvm.dll+0x670d7a]
V  [jvm.dll+0x307b5b]
V  [jvm.dll+0x30f046]
V  [jvm.dll+0x35f22e]
V  [jvm.dll+0x35f46f]
V  [jvm.dll+0x2deb7c]
V  [jvm.dll+0x2dfad4]
V  [jvm.dll+0x80870b]
V  [jvm.dll+0x36cfa1]
V  [jvm.dll+0x7e70f5]
V  [jvm.dll+0x3f0adf]
V  [jvm.dll+0x3f2631]
C  [jli.dll+0x528f]
C  [ucrtbase.dll+0x21bb2]
C  [KERNEL32.DLL+0x17374]
C  [ntdll.dll+0x4cc91]


---------------  P R O C E S S  ---------------

Threads class SMR info:
_java_thread_list=0x00007ffb16966f18, length=0, elements={
}

Java Threads: ( => current thread )

Other Threads:
  0x000001c5ff8119b0 GCTaskThread "GC Thread#0" [stack: 0x0000006ceb400000,0x0000006ceb500000] [id=11524]
  0x000001c5fbc5da80 ConcurrentGCThread "G1 Main Marker" [stack: 0x0000006ceb500000,0x0000006ceb600000] [id=72780]
  0x000001c5fbc5fc50 ConcurrentGCThread "G1 Conc#0" [stack: 0x0000006ceb600000,0x0000006ceb700000] [id=65292]

[error occurred during error reporting (printing all threads), id 0xc0000005, EXCEPTION_ACCESS_VIOLATION (0xc0000005) at pc=0x00007ffb1611f277]

VM state: not at safepoint (not fully initialized)

VM Mutex/Monitor currently owned by a thread:  ([mutex/lock_event])
[0x000001c5fbbddfb0] Heap_lock - owner thread: 0x000001c5fbbe2bf0

Heap address: 0x0000000600000000, size: 8192 MB, Compressed Oops mode: Zero based, Oop shift amount: 3

CDS archive(s) mapped at: [0x0000000000000000-0x0000000000000000-0x0000000000000000), size 0, SharedBaseAddress: 0x0000000800000000, ArchiveRelocationMode: 1.
Narrow klass base: 0x0000000000000000, Narrow klass shift: 0, Narrow klass range: 0x0

GC Precious Log:
<Empty>

Heap:
 garbage-first heap   total 0K, used 0K [0x0000000600000000, 0x0000000800000000)
  region size 4096K, 0 young (0K), 0 survivors (0K)

[error occurred during error reporting (printing heap information), id 0xc0000005, EXCEPTION_ACCESS_VIOLATION (0xc0000005) at pc=0x00007ffb16508829]

GC Heap History (0 events):
No events

Dll operation events (1 events):
Event: 0.039 Loaded shared library C:\Users\ss158\.jdks\corretto-17.0.12\bin\java.dll

Deoptimization events (0 events):
No events

Classes loaded (0 events):
No events

Classes unloaded (0 events):
No events

Classes redefined (0 events):
No events

Internal exceptions (0 events):
No events

VM Operations (0 events):
No events

Events (0 events):
No events


Dynamic libraries:
0x00007ff631270000 - 0x00007ff63127e000 	C:\Users\ss158\.jdks\corretto-17.0.12\bin\java.exe
0x00007ffbc2bd0000 - 0x00007ffbc2dc8000 	C:\windows\SYSTEM32\ntdll.dll
0x00007ffbc2480000 - 0x00007ffbc2541000 	C:\windows\System32\KERNEL32.DLL
0x00007ffbc07c0000 - 0x00007ffbc0ab6000 	C:\windows\System32\KERNELBASE.dll
0x00007ffbc0440000 - 0x00007ffbc0540000 	C:\windows\System32\ucrtbase.dll
0x00007ffb86e10000 - 0x00007ffb86e2b000 	C:\Users\ss158\.jdks\corretto-17.0.12\bin\VCRUNTIME140.dll
0x00007ffb87110000 - 0x00007ffb87127000 	C:\Users\ss158\.jdks\corretto-17.0.12\bin\jli.dll
0x00007ffbc1b70000 - 0x00007ffbc1d0f000 	C:\windows\System32\USER32.dll
0x00007ffbb15d0000 - 0x00007ffbb186a000 	C:\windows\WinSxS\amd64_microsoft.windows.common-controls_6595b64144ccf1df_6.0.19041.4355_none_60b8b9eb71f62e16\COMCTL32.dll
0x00007ffbc0bd0000 - 0x00007ffbc0bf2000 	C:\windows\System32\win32u.dll
0x00007ffbc0e70000 - 0x00007ffbc0e9b000 	C:\windows\System32\GDI32.dll
0x00007ffbc2a10000 - 0x00007ffbc2aae000 	C:\windows\System32\msvcrt.dll
0x00007ffbc0540000 - 0x00007ffbc0657000 	C:\windows\System32\gdi32full.dll
0x00007ffbc0ac0000 - 0x00007ffbc0b5d000 	C:\windows\System32\msvcp_win.dll
0x00007ffbc1d20000 - 0x00007ffbc1d4f000 	C:\windows\System32\IMM32.DLL
0x000001c5fbb60000 - 0x000001c5fbb74000 	C:\windows\System32\umppc18513.dll
0x00007ffb871f0000 - 0x00007ffb871fc000 	C:\Users\ss158\.jdks\corretto-17.0.12\bin\vcruntime140_1.dll
0x00007ffb830b0000 - 0x00007ffb8313d000 	C:\Users\ss158\.jdks\corretto-17.0.12\bin\msvcp140.dll
0x00007ffb15e30000 - 0x00007ffb16a9a000 	C:\Users\ss158\.jdks\corretto-17.0.12\bin\server\jvm.dll
0x00007ffbc1350000 - 0x00007ffbc1400000 	C:\windows\System32\ADVAPI32.dll
0x00007ffbc2840000 - 0x00007ffbc28e0000 	C:\windows\System32\sechost.dll
0x00007ffbc2700000 - 0x00007ffbc2823000 	C:\windows\System32\RPCRT4.dll
0x00007ffbc0280000 - 0x00007ffbc02a7000 	C:\windows\System32\bcrypt.dll
0x00007ffbc12e0000 - 0x00007ffbc134b000 	C:\windows\System32\WS2_32.dll
0x00007ffbc00d0000 - 0x00007ffbc011b000 	C:\windows\SYSTEM32\POWRPROF.dll
0x00007ffba93b0000 - 0x00007ffba93d7000 	C:\windows\SYSTEM32\WINMM.dll
0x00007ffbba090000 - 0x00007ffbba09a000 	C:\windows\SYSTEM32\VERSION.dll
0x00007ffbc00b0000 - 0x00007ffbc00c2000 	C:\windows\SYSTEM32\UMPDC.dll
0x00007ffbbe530000 - 0x00007ffbbe542000 	C:\windows\SYSTEM32\kernel.appcore.dll
0x00007ffb86de0000 - 0x00007ffb86dea000 	C:\Users\ss158\.jdks\corretto-17.0.12\bin\jimage.dll
0x00007ffbb1370000 - 0x00007ffbb1554000 	C:\windows\SYSTEM32\DBGHELP.DLL
0x00007ffbafd20000 - 0x00007ffbafd54000 	C:\windows\SYSTEM32\dbgcore.DLL
0x00007ffbc02b0000 - 0x00007ffbc0332000 	C:\windows\System32\bcryptPrimitives.dll
0x00007ffb866e0000 - 0x00007ffb86705000 	C:\Users\ss158\.jdks\corretto-17.0.12\bin\java.dll

dbghelp: loaded successfully - version: 4.0.5 - missing functions: none
symbol engine: initialized successfully - sym options: 0x614 - pdb path: .;C:\Users\ss158\.jdks\corretto-17.0.12\bin;C:\windows\SYSTEM32;C:\windows\WinSxS\amd64_microsoft.windows.common-controls_6595b64144ccf1df_6.0.19041.4355_none_60b8b9eb71f62e16;C:\Users\ss158\.jdks\corretto-17.0.12\bin\server

VM Arguments:
jvm_args: -Dsun.locale.formatasdefault=true -Dfile.encoding=windows-1252 -Duser.country=US -Duser.language=en -Duser.variant 
java_command: com.team2.surplusfood.SurplusfoodApplication
java_class_path (initial): C:\Users\ss158\Documents\New folder\surplusfood\build\classes\java\main;C:\Users\ss158\Documents\New folder\surplusfood\build\resources\main;C:\Users\ss158\Documents\New folder\sqljdbc_12.6\enu\jars\mssql-jdbc-12.6.3.jre11.jar;C:\Users\ss158\Downloads\gradle-8.2\caches\modules-2\files-2.1\org.springframework.boot\spring-boot-devtools\2.7.1\cb154a2b04532d9cb7c0b4a04132c57bf8efae31\spring-boot-devtools-2.7.1.jar;C:\Users\ss158\Downloads\gradle-8.2\caches\modules-2\files-2.1\org.springframework.boot\spring-boot-starter-data-jpa\2.7.1\39e98264c195a06c8c29a63c24b6ce295ca10795\spring-boot-starter-data-jpa-2.7.1.jar;C:\Users\ss158\Downloads\gradle-8.2\caches\modules-2\files-2.1\org.springframework.boot\spring-boot-starter-web\2.7.1\29f47f503f9955b1a9746870aeaebdba448416d\spring-boot-starter-web-2.7.1.jar;C:\Users\ss158\Downloads\gradle-8.2\caches\modules-2\files-2.1\org.springdoc\springdoc-openapi-ui\1.7.0\f4763107b0fb1f9c17fe6523b2fd0ca6cb201d66\springdoc-openapi-ui-1.7.0.jar;C:\Users\ss158\Downloads\gradle-8.2\caches\modules-2\files-2.1\io.springfox\springfox-swagger2\2.10.5\995e036fc468a8656c1643933c0237d37d3cfaa7\springfox-swagger2-2.10.5.jar;C:\Users\ss158\Downloads\gradle-8.2\caches\modules-2\files-2.1\io.springfox\springfox-swagger-ui\2.10.5\6378e4b8c894fbc876055bb1b6ceb38b6da114f2\springfox-swagger-ui-2.10.5.jar;C:\Users\ss158\Downloads\gradle-8.2\caches\modules-2\files-2.1\com.microsoft.sqlserver\mssql-jdbc\10.2.0.jre8\a7e60f9e5bba8d3f4250a119dd72004ec5080e8e\mssql-jdbc-10.2.0.jre8.jar;C:\Users\ss158\Downloads\gradle-8.2\caches\modules-2\files-2.1\org.springframework.boot\spring-boot-starter-aop\2.7.1\e7c78497e3528ae3037c723259b4b0944994f03\spring-boot-starter-aop-2.7.1.jar;C:\Users\ss158\Downloads\gradle-8.2\caches\modules-2\files-2.1\org.springframework.boot\spring-boot-starter-jdbc\2.7.1\bba8a72a8042cec0b7961f11b0b3332724f5845e\spring-boot-starter-jdbc-2.7.1.jar;C:\Users\ss158\Downloads\gradle-8.2\caches\modules-2\files-2.1\org.spri
Launcher Type: SUN_STANDARD

[Global flags]
     intx CICompilerCount                          = 4                                         {product} {ergonomic}
     uint ConcGCThreads                            = 2                                         {product} {ergonomic}
     uint G1ConcRefinementThreads                  = 8                                         {product} {ergonomic}
   size_t G1HeapRegionSize                         = 4194304                                   {product} {ergonomic}
    uintx GCDrainStackTargetSize                   = 64                                        {product} {ergonomic}
   size_t InitialHeapSize                          = 536870912                                 {product} {ergonomic}
   size_t MarkStackSize                            = 4194304                                   {product} {ergonomic}
   size_t MaxHeapSize                              = 8589934592                                {product} {ergonomic}
   size_t MinHeapDeltaBytes                        = 4194304                                   {product} {ergonomic}
   size_t MinHeapSize                              = 8388608                                   {product} {ergonomic}
    uintx NonNMethodCodeHeapSize                   = 5839372                                {pd product} {ergonomic}
    uintx NonProfiledCodeHeapSize                  = 122909434                              {pd product} {ergonomic}
    uintx ProfiledCodeHeapSize                     = 122909434                              {pd product} {ergonomic}
    uintx ReservedCodeCacheSize                    = 251658240                              {pd product} {ergonomic}
     bool SegmentedCodeCache                       = true                                      {product} {ergonomic}
   size_t SoftMaxHeapSize                          = 8589934592                             {manageable} {ergonomic}
     bool UseCompressedClassPointers               = true                           {product lp64_product} {ergonomic}
     bool UseCompressedOops                        = true                           {product lp64_product} {ergonomic}
     bool UseG1GC                                  = true                                      {product} {ergonomic}
     bool UseLargePagesIndividualAllocation        = false                                  {pd product} {ergonomic}

Logging:
Log output configuration:
 #0: stdout all=warning uptime,level,tags
 #1: stderr all=off uptime,level,tags

Environment Variables:
JAVA_HOME=C:\ide\installation\Java\jdk-11.0.10\
JAVA_TOOL_OPTIONS=-Dsun.locale.formatasdefault=true
CLASSPATH=.;C:\PROGRA~1\IBM\SQLLIB\java\db2java.zip;C:\PROGRA~1\IBM\SQLLIB\java\db2jcc4.jar;C:\PROGRA~1\IBM\SQLLIB\java\db2jcc_license_cu.jar;C:\PROGRA~1\IBM\SQLLIB\bin
PATH=C:\Program Files\Microsoft SDKs\Azure\CLI2\wbin;C:\Program Files\Eclipse Adoptium\jre-11.0.20.8-hotspot\bin;C:\Program Files (x86)\Eclipse Adoptium\jre-11.0.20.8-hotspot\bin;C:\Program Files (x86)\Windows Resource Kits\Tools\;C:\ide\installation\Java\jdk-11.0.10\bin;C:\Program Files (x86)\MKS Toolkit\mksnt;C:\PROGRA~2\MKSTOO~1\bin64;C:\PROGRA~2\MKSTOO~1\bin;C:\PROGRA~2\MKSTOO~1\bin\X11;C:\PROGRA~2\MKSTOO~1\mksnt;C:\ide\installation\Datastage\DS_11.7/jdk32\jre\bin;C:\ide\installation\Datastage\DS_11.7/jdk32\jre\bin\j9vm;C:\ide\installation\Datastage\DS_11.7\ASBNode\lib\cpp;C:\ide\installation\Datastage\DS_11.7\ASBNode\apps\proxy\cpp\vc60\MT_dll\bin;C:\Program Files (x86)\IBM\EHLLAPI\;C:\instantclient_11_2;C:\Program Files (x86)\Avaya\Proactive Contact 5.2\Services\3rdParty\Oracle11g;C:\Program Files (x86)\Avaya\Proactive Contact 5.2\Services\Common;C:\ProgramData\Oracle\Java\javapath;C:\windows\system32;C:\windows;C:\windows\System32\Wbem;C:\windows\System32\WindowsPowerShell\v1.0\;C:\windows\System32\OpenSSH\;C:\Program Files (x86)\Verint\Logger\;C:\Program Files (x86)\Verint\Playback\;C:\Program Files (x86)\SGP International\DataQuest Pro\;C:\Program Files (x86)\Microsoft SQL Server\Client SDK\ODBC\130\Tools\Binn\;C:\Program Files (x86)\Microsoft SQL Server\130\Tools\Binn\;C:\Program Files (x86)\Microsoft SQL Server\130\DTS\Binn\;C:\Program Files (x86)\Microsoft SQL Server\130\Tools\Binn\ManagementStudio\;C:\Program Files\Microsoft SQL Server\130\Tools\Binn\;C:\Program Files (x86)\Microsoft SQL Server\110\DTS\Binn\;C:\Program Files (x86)\Microsoft SQL Server\120\DTS\Binn\;C:\Program Files (x86)\Microsoft SQL Server\140\DTS\Binn\;C:\Program Files (x86)\Microsoft SQL Server\150\DTS\Binn\;C:\ide\installation\minikube;C:\ide\installation\Azure Data Studio\bin;C:\ide\installation\Go\bin;C:\ide\installation\Google\Cloud SDK\google-cloud-sdk\bin;C:\ide\installation\gradle\gradle-6.2-all\gradle-6.2\bin;C:\ide\installation\kubectl\kubectl.exe;C:\ide\installation\PuTTY\;C:
USERNAME=ss158
SHELL=C:/PROGRA~2/MKSTOO~1/mksnt/sh.exe
DISPLAY=:0.0
TERM=nutc
TMPDIR=C:/Users/LOCAL_~2/Temp
OS=Windows_NT
PROCESSOR_IDENTIFIER=Intel64 Family 6 Model 85 Stepping 7, GenuineIntel
TMP=C:\Users\LOCAL_~2\Temp
TEMP=C:\Users\LOCAL_~2\Temp



Periodic native trim disabled


---------------  S Y S T E M  ---------------

OS:
 Windows Server 2019 , 64 bit Build 19041 (10.0.19041.4597)
OS uptime: 3 days 12:48 hours
Hyper-V role detected

CPU: total 8 (initial active 8) (4 cores per cpu, 2 threads per core) family 6 model 85 stepping 7 microcode 0xffffffff, cx8, cmov, fxsr, ht, mmx, 3dnowpref, sse, sse2, sse3, ssse3, sse4.1, sse4.2, popcnt, lzcnt, tsc, avx, avx2, aes, erms, clmul, bmi1, bmi2, rtm, adx, avx512f, avx512dq, avx512cd, avx512bw, avx512vl, fma, vzeroupper, clflush, clflushopt, hv
Processor Information for all 8 processors :
  Max Mhz: 2594, Current Mhz: 2594, Mhz Limit: 2594

Memory: 4k page, system-wide physical 32767M (4151M free)
TotalPageFile size 40959M (AvailPageFile size 421M)
current process WorkingSet (physical memory assigned to process): 11M, peak: 11M
current process commit charge ("private bytes"): 61M, peak: 573M

vm_info: OpenJDK 64-Bit Server VM (17.0.12+7-LTS) for windows-amd64 JRE (17.0.12+7-LTS), built on Jul 10 2024 20:46:33 by "Administrator" with MS VC++ 16.10 / 16.11 (VS2019)

END.
